#! /usr/bin/vvp
:ivl_version "11.0 (stable)" "(v11_0)";
:ivl_delay_selection "TYPICAL";
:vpi_time_precision + 0;
:vpi_module "/usr/lib/ivl/system.vpi";
:vpi_module "/usr/lib/ivl/vhdl_sys.vpi";
:vpi_module "/usr/lib/ivl/vhdl_textio.vpi";
:vpi_module "/usr/lib/ivl/v2005_math.vpi";
:vpi_module "/usr/lib/ivl/va_math.vpi";
S_0x55a6227044c0 .scope module, "d_latch" "d_latch" 2 1;
 .timescale 0 0;
    .port_info 0 /INPUT 1 "D";
    .port_info 1 /OUTPUT 1 "Q";
    .port_info 2 /OUTPUT 1 "NQ";
o0x7fde696ec018 .functor BUFZ 1, C4<z>; HiZ drive
v0x55a622704650_0 .net "D", 0 0, o0x7fde696ec018;  0 drivers
v0x55a622705110_0 .var "NQ", 0 0;
v0x55a622704eb0_0 .var "Q", 0 0;
E_0x55a62273bc30 .event edge, v0x55a622704650_0;
    .scope S_0x55a6227044c0;
T_0 ;
    %wait E_0x55a62273bc30;
    %load/vec4 v0x55a622704650_0;
    %assign/vec4 v0x55a622704eb0_0, 0;
    %load/vec4 v0x55a622704eb0_0;
    %nor/r;
    %assign/vec4 v0x55a622705110_0, 0;
    %jmp T_0;
    .thread T_0, $push;
# The file index is used to find the file name in the following table.
:file_names 3;
    "N/A";
    "<interactive>";
    "/home/hkk/Documents/vhdl/cpu/d_latch.v";
